<?xml version="1.0" encoding="UTF-8"?>
<!-- Generated by org.testng.reporters.JUnitXMLReporter -->
<testsuite ignored="0" hostname="PDC2-L-F24TPP3" failures="0" tests="3" name="Order Item" time="33.995" errors="0" timestamp="2023-12-29T17:38:57 IST">
  <testcase classname="framework.orderItem" name="completeOrder" time="10.952"/>
  <testcase classname="framework.orderItem" name="completeOrder" time="8.026"/>
  <testcase classname="framework.orderItem" name="validateZaraInOrders" time="1.839"/>
</testsuite> <!-- Order Item -->
