<?xml version="1.0" encoding="UTF-8"?>
<!-- Generated by org.testng.reporters.JUnitXMLReporter -->
<testsuite ignored="0" hostname="PDC2-L-F24TPP3" failures="0" tests="3" name="Order Item" time="35.512" errors="0" timestamp="2024-01-11T17:15:44 IST">
  <testcase classname="framework.orderItem" name="completeOrder" time="12.469"/>
  <testcase classname="framework.orderItem" name="completeOrder" time="10.124"/>
  <testcase classname="framework.orderItem" name="validateZaraInOrders" time="2.393"/>
</testsuite> <!-- Order Item -->
