<?xml version="1.0" encoding="UTF-8"?>
<testng-results ignored="0" total="2" passed="2" failed="0" skipped="0">
  <reporter-output>
  </reporter-output>
  <suite started-at="2024-01-11T16:17:07 IST" name="Default suite" finished-at="2024-01-11T16:17:48 IST" duration-ms="41066">
    <groups>
      <group name="cucumber">
        <method signature="AbstractTestNGCucumberTests.runScenario(io.cucumber.testng.PickleWrapper,io.cucumber.testng.FeatureWrapper)[pri:0, instance:cucumber.testNgTestRunner@19e4653c]" name="runScenario" class="io.cucumber.testng.AbstractTestNGCucumberTests"/>
      </group> <!-- cucumber -->
    </groups>
    <test started-at="2024-01-11T16:17:07 IST" name="Default test" finished-at="2024-01-11T16:17:48 IST" duration-ms="41066">
      <class name="cucumber.testNgTestRunner">
        <test-method is-config="true" signature="setUpClass(org.testng.ITestContext)[pri:0, instance:cucumber.testNgTestRunner@19e4653c]" started-at="2024-01-11T16:17:07 IST" name="setUpClass" finished-at="2024-01-11T16:17:08 IST" duration-ms="529" status="PASS">
          <params>
            <param index="0">
              <value>
                <![CDATA[org.testng.TestRunner@f425231]]>
              </value>
            </param>
          </params>
          <reporter-output>
          </reporter-output>
        </test-method> <!-- setUpClass -->
        <test-method signature="runScenario(io.cucumber.testng.PickleWrapper,io.cucumber.testng.FeatureWrapper)[pri:0, instance:cucumber.testNgTestRunner@19e4653c]" started-at="2024-01-11T16:17:08 IST" name="runScenario" description="Runs Cucumber Scenarios" data-provider="scenarios" finished-at="2024-01-11T16:17:28 IST" duration-ms="20508" status="PASS">
          <params>
            <param index="0">
              <value>
                <![CDATA["Positive test of completing an order."]]>
              </value>
            </param>
            <param index="1">
              <value>
                <![CDATA["Purchase the order from website"]]>
              </value>
            </param>
          </params>
          <reporter-output>
          </reporter-output>
        </test-method> <!-- runScenario -->
        <test-method signature="runScenario(io.cucumber.testng.PickleWrapper,io.cucumber.testng.FeatureWrapper)[pri:0, instance:cucumber.testNgTestRunner@19e4653c]" started-at="2024-01-11T16:17:28 IST" name="runScenario" description="Runs Cucumber Scenarios" data-provider="scenarios" finished-at="2024-01-11T16:17:48 IST" duration-ms="19950" status="PASS">
          <params>
            <param index="0">
              <value>
                <![CDATA["Positive test of completing an order."]]>
              </value>
            </param>
            <param index="1">
              <value>
                <![CDATA["Purchase the order from website"]]>
              </value>
            </param>
          </params>
          <reporter-output>
          </reporter-output>
        </test-method> <!-- runScenario -->
        <test-method is-config="true" signature="tearDownClass()[pri:0, instance:cucumber.testNgTestRunner@19e4653c]" started-at="2024-01-11T16:17:48 IST" name="tearDownClass" finished-at="2024-01-11T16:17:48 IST" duration-ms="36" status="PASS">
          <reporter-output>
          </reporter-output>
        </test-method> <!-- tearDownClass -->
      </class> <!-- cucumber.testNgTestRunner -->
    </test> <!-- Default test -->
  </suite> <!-- Default suite -->
</testng-results>
